\BOOKMARK [1][-]{section.1}{\376\377\000I\000n\000t\000r\000o\000d\000u\000c\000t\000i\000o\000n}{}% 1
\BOOKMARK [1][-]{section.2}{\376\377\000L\000o\000i\000s\000\040\000d\000e\000\040\000P\000r\000o\000b\000a\000b\000i\000l\000i\000t\000\351\000s\000\040\000\340\000\040\000C\000o\000n\000n\000a\000\356\000t\000r\000e}{}% 2
\BOOKMARK [2][-]{subsection.2.1}{\376\377\000L\000o\000i\000s\000\040\000D\000i\000s\000c\000r\000\350\000t\000e\000s}{section.2}% 3
\BOOKMARK [2][-]{subsection.2.2}{\376\377\000L\000o\000i\000s\000\040\000C\000o\000n\000t\000i\000n\000u\000e\000s}{section.2}% 4
\BOOKMARK [1][-]{section.3}{\376\377\000G\000l\000o\000s\000s\000a\000i\000r\000e\000\040\000d\000e\000s\000\040\000N\000o\000t\000a\000t\000i\000o\000n\000s}{}% 5
\BOOKMARK [1][-]{section.4}{\376\377\000D\000\351\000n\000o\000m\000b\000r\000e\000m\000e\000n\000t}{}% 6
\BOOKMARK [2][-]{subsection.4.1}{\376\377\000P\000r\000i\000n\000c\000i\000p\000e\000s\000\040\000d\000e\000\040\000B\000a\000s\000e\000\040\000d\000u\000\040\000D\000\351\000n\000o\000m\000b\000r\000e\000m\000e\000n\000t}{section.4}% 7
\BOOKMARK [3][-]{subsubsection.4.1.1}{\376\377\000D\000\351\000f\000i\000n\000i\000t\000i\000o\000n\000s\000\040\000e\000t\000\040\000P\000r\000o\000p\000r\000i\000\351\000t\000\351\000s\000\040\000\311\000l\000\351\000m\000e\000n\000t\000a\000i\000r\000e\000s}{subsection.4.1}% 8
\BOOKMARK [3][-]{subsubsection.4.1.2}{\376\377\000P\000r\000i\000n\000c\000i\000p\000e\000\040\000d\000'\000A\000d\000d\000i\000t\000i\000o\000n}{subsection.4.1}% 9
\BOOKMARK [3][-]{subsubsection.4.1.3}{\376\377\000P\000r\000i\000n\000c\000i\000p\000e\000\040\000d\000e\000\040\000M\000u\000l\000t\000i\000p\000l\000i\000c\000a\000t\000i\000o\000n}{subsection.4.1}% 10
\BOOKMARK [3][-]{subsubsection.4.1.4}{\376\377\000P\000a\000r\000t\000i\000t\000i\000o\000n\000s\000\040\000d\000'\000u\000n\000\040\000E\000n\000s\000e\000m\000b\000l\000e}{subsection.4.1}% 11
\BOOKMARK [2][-]{subsection.4.2}{\376\377\000P\000e\000r\000m\000u\000t\000a\000t\000i\000o\000n\000s}{section.4}% 12
\BOOKMARK [3][-]{subsubsection.4.2.1}{\376\377\000P\000e\000r\000m\000u\000t\000a\000t\000i\000o\000n\000s\000\040\000s\000a\000n\000s\000\040\000r\000\351\000p\000\351\000t\000i\000t\000i\000o\000n\000s}{subsection.4.2}% 13
\BOOKMARK [3][-]{subsubsection.4.2.2}{\376\377\000P\000e\000r\000m\000u\000t\000a\000t\000i\000o\000n\000s\000\040\000a\000v\000e\000c\000\040\000R\000\351\000p\000\351\000t\000i\000t\000i\000o\000n}{subsection.4.2}% 14
\BOOKMARK [2][-]{subsection.4.3}{\376\377\000A\000r\000r\000a\000n\000g\000e\000m\000e\000n\000t\000s}{section.4}% 15
\BOOKMARK [3][-]{subsubsection.4.3.1}{\376\377\000A\000r\000r\000a\000n\000g\000e\000m\000e\000n\000t\000s\000\040\000s\000a\000n\000s\000\040\000R\000\351\000p\000\351\000t\000i\000t\000i\000o\000n\000s}{subsection.4.3}% 16
\BOOKMARK [3][-]{subsubsection.4.3.2}{\376\377\000A\000r\000r\000a\000n\000g\000e\000m\000e\000n\000t\000s\000\040\000a\000v\000e\000c\000\040\000R\000\351\000p\000\351\000t\000i\000t\000i\000o\000n\000s}{subsection.4.3}% 17
\BOOKMARK [2][-]{subsection.4.4}{\376\377\000C\000o\000m\000b\000i\000n\000a\000i\000s\000o\000n\000s}{section.4}% 18
\BOOKMARK [3][-]{subsubsection.4.4.1}{\376\377\000C\000o\000m\000b\000i\000n\000a\000i\000s\000o\000n\000s\000\040\000s\000a\000n\000s\000\040\000R\000\351\000p\000\351\000t\000i\000t\000i\000o\000n}{subsection.4.4}% 19
\BOOKMARK [3][-]{subsubsection.4.4.2}{\376\377\000C\000o\000m\000b\000i\000n\000a\000i\000s\000o\000n\000s\000\040\000a\000v\000e\000c\000\040\000r\000\351\000p\000\351\000t\000i\000t\000i\000o\000n}{subsection.4.4}% 20
\BOOKMARK [1][-]{section.5}{\376\377\000E\000s\000p\000a\000c\000e\000\040\000p\000r\000o\000b\000a\000b\000i\000l\000i\000s\000\351\000\040\000e\000t\000\040\000m\000e\000s\000u\000r\000e\000\040\000d\000e\000\040\000p\000r\000o\000b\000a\000b\000i\000l\000i\000t\000\351}{}% 21
\BOOKMARK [2][-]{subsection.5.1}{\376\377\000D\000\351\000f\000i\000n\000i\000t\000i\000o\000n\000s\000\040\000e\000t\000\040\000E\000x\000e\000m\000p\000l\000e\000s}{section.5}% 22
\BOOKMARK [2][-]{subsection.5.2}{\376\377\000E\000x\000p\000\351\000r\000i\000e\000n\000c\000e\000s\000\040\000A\000l\000\351\000a\000t\000o\000i\000r\000e\000s\000\040\000e\000t\000\040\000M\000o\000d\000\351\000l\000i\000s\000a\000t\000i\000o\000n}{section.5}% 23
\BOOKMARK [2][-]{subsection.5.3}{\376\377\000P\000r\000o\000b\000a\000b\000i\000l\000i\000t\000\351\000s\000\040\000C\000o\000n\000d\000i\000t\000i\000o\000n\000n\000e\000l\000l\000e\000s}{section.5}% 24
\BOOKMARK [1][-]{section.6}{\376\377\000V\000a\000r\000i\000a\000b\000l\000e\000s\000\040\000A\000l\000\351\000a\000t\000o\000i\000r\000e\000s}{}% 25
\BOOKMARK [2][-]{subsection.6.1}{\376\377\000I\000n\000d\000\351\000p\000e\000n\000d\000a\000n\000c\000e\000s}{section.6}% 26
\BOOKMARK [2][-]{subsection.6.2}{\376\377\000F\000o\000n\000c\000t\000i\000o\000n\000s\000\040\000d\000e\000\040\000R\000\351\000p\000a\000r\000t\000i\000t\000i\000o\000n\000s\000\040\000e\000t\000\040\000D\000e\000n\000s\000i\000t\000\351\000s}{section.6}% 27
\BOOKMARK [2][-]{subsection.6.3}{\376\377\000E\000s\000p\000\351\000r\000a\000n\000c\000e}{section.6}% 28
\BOOKMARK [2][-]{subsection.6.4}{\376\377\000M\000o\000m\000e\000n\000t\000s\000,\000\040\000V\000a\000r\000i\000a\000n\000c\000e\000,\000\040\000C\000o\000v\000a\000r\000i\000a\000n\000c\000e}{section.6}% 29
\BOOKMARK [1][-]{section.7}{\376\377\000N\000o\000t\000i\000o\000n\000s\000\040\000d\000e\000\040\000C\000o\000n\000v\000e\000r\000g\000e\000n\000c\000e}{}% 30
\BOOKMARK [2][-]{subsection.7.1}{\376\377\000T\000o\000u\000t\000\040\000d\000'\000a\000b\000o\000r\000d\000,\000\040\000l\000e\000s\000\040\000\311\000g\000a\000l\000i\000t\000\351\000s}{section.7}% 31
\BOOKMARK [2][-]{subsection.7.2}{\376\377\000C\000o\000n\000v\000e\000r\000g\000e\000n\000c\000e\000\040\000d\000e\000\040\000V\000a\000r\000i\000a\000b\000l\000e\000\040\000e\000t\000\040\000V\000e\000c\000t\000e\000u\000r\000\040\000A\000l\000\351\000a\000t\000o\000i\000r\000e}{section.7}% 32
\BOOKMARK [3][-]{subsubsection.7.2.1}{\376\377\000C\000o\000n\000v\000e\000r\000g\000e\000n\000c\000e\000\040\000P\000r\000e\000s\000q\000u\000e\000\040\000S\000u\000r\000e}{subsection.7.2}% 33
\BOOKMARK [3][-]{subsubsection.7.2.2}{\376\377\000C\000o\000n\000v\000e\000r\000g\000e\000n\000c\000e\000\040\000d\000a\000n\000s\000\040\000L\000p}{subsection.7.2}% 34
\BOOKMARK [3][-]{subsubsection.7.2.3}{\376\377\000C\000o\000n\000v\000e\000r\000g\000e\000n\000c\000e\000\040\000e\000n\000\040\000P\000r\000o\000b\000a\000b\000i\000l\000i\000t\000\351}{subsection.7.2}% 35
\BOOKMARK [3][-]{subsubsection.7.2.4}{\376\377\000C\000o\000n\000v\000e\000r\000g\000e\000n\000c\000e\000\040\000e\000n\000\040\000L\000o\000i}{subsection.7.2}% 36
\BOOKMARK [1][-]{section.8}{\376\377\000T\000h\000\351\000o\000r\000\350\000m\000e\000s\000\040\000d\000e\000\040\000C\000o\000n\000v\000e\000r\000g\000e\000n\000c\000e\000s\000\040\000d\000a\000n\000s\000\040\000l\000e\000\040\000C\000a\000s\000\040\000i\000i\000d}{}% 37
\BOOKMARK [2][-]{subsection.8.1}{\376\377\000C\000o\000n\000v\000e\000r\000g\000e\000n\000c\000e\000s\000\040\000e\000n\000\040\000L\000o\000i}{section.8}% 38
\BOOKMARK [2][-]{subsection.8.2}{\376\377\000C\000o\000n\000v\000e\000r\000g\000e\000n\000c\000e\000\040\000P\000r\000e\000s\000q\000u\000e\000\040\000S\000\373\000r\000e}{section.8}% 39
\BOOKMARK [1][-]{section.9}{\376\377\000F\000o\000n\000c\000t\000i\000o\000n\000\040\000C\000a\000r\000a\000c\000t\000\351\000r\000i\000s\000t\000i\000q\000u\000e\000\040\000e\000t\000\040\000F\000o\000n\000c\000t\000i\000o\000n\000\040\000G\000a\000m\000m\000a}{}% 40
\BOOKMARK [2][-]{subsection.9.1}{\376\377\000R\000a\000p\000p\000e\000l\000\040\000s\000u\000r\000\040\000l\000a\000\040\000L\000o\000i\000\040\000G\000a\000m\000m\000a}{section.9}% 41
\BOOKMARK [2][-]{subsection.9.2}{\376\377\000F\000o\000n\000c\000t\000i\000o\000n\000\040\000C\000a\000r\000a\000c\000t\000\351\000r\000i\000s\000t\000i\000q\000u\000e}{section.9}% 42
\BOOKMARK [1][-]{section.10}{\376\377\000V\000e\000c\000t\000e\000u\000r\000s\000\040\000A\000l\000\351\000a\000t\000o\000i\000r\000e\000s}{}% 43
\BOOKMARK [2][-]{subsection.10.1}{\376\377\000R\000\350\000g\000l\000e\000s\000\040\000d\000e\000\040\000C\000a\000l\000c\000u\000l\000\040\000\340\000\040\000C\000o\000n\000n\000a\000\356\000t\000r\000e}{section.10}% 44
\BOOKMARK [2][-]{subsection.10.2}{\376\377\000V\000e\000c\000t\000e\000u\000r\000\040\000G\000a\000u\000s\000s\000i\000e\000n\000s}{section.10}% 45
\BOOKMARK [2][-]{subsection.10.3}{\376\377\000T\000h\000\351\000o\000r\000\350\000m\000e\000s\000\040\000d\000e\000\040\000C\000o\000n\000v\000e\000r\000g\000e\000n\000c\000e\000s\000\040\000p\000o\000u\000r\000\040\000l\000e\000s\000\040\000V\000e\000c\000t\000e\000u\000r\000s\000\040\000A\000l\000\351\000a\000t\000o\000i\000r\000e\000s}{section.10}% 46
\BOOKMARK [1][-]{section.11}{\376\377\000E\000s\000p\000\351\000r\000a\000n\000c\000e\000s\000\040\000C\000o\000n\000d\000i\000t\000i\000o\000n\000n\000e\000l\000l\000e\000s}{}% 47
\BOOKMARK [2][-]{subsection.11.1}{\376\377\000E\000s\000p\000\351\000r\000a\000n\000c\000e\000s\000\040\000C\000o\000n\000d\000i\000t\000i\000o\000n\000n\000e\000l\000l\000e\000s\000\040\000p\000o\000u\000r\000\040\000l\000e\000s\000\040\000V\000a\000r\000i\000a\000b\000l\000e\000s\000\040\000A\000l\000\351\000a\000t\000o\000i\000r\000e\000s\000\040\000d\000e\000\040\000C\000a\000r\000r\000\351\000\040\000I\000n\000t\000\351\000g\000r\000a\000b\000l\000e}{section.11}% 48
\BOOKMARK [2][-]{subsection.11.2}{\376\377\000G\000\351\000n\000\351\000r\000a\000l\000i\000s\000a\000t\000i\000o\000n\000\040\000a\000u\000x\000\040\000V\000a\000r\000i\000a\000b\000l\000e\000\040\000I\000n\000t\000\351\000g\000r\000a\000b\000l\000e\000s}{section.11}% 49
\BOOKMARK [1][-]{section.12}{\376\377\000L\000o\000i\000s\000\040\000C\000o\000n\000d\000i\000t\000i\000o\000n\000n\000e\000l\000l\000e\000s}{}% 50
\BOOKMARK [2][-]{subsection.12.1}{\376\377\000D\000\351\000f\000i\000n\000i\000t\000i\000o\000n\000s\000\040\000e\000t\000\040\000P\000r\000e\000m\000i\000\350\000r\000e\000s\000\040\000P\000r\000o\000p\000r\000i\000\351\000t\000\351\000s}{section.12}% 51
\BOOKMARK [2][-]{subsection.12.2}{\376\377\000D\000e\000n\000s\000i\000t\000\351\000s\000\040\000C\000o\000n\000d\000i\000t\000i\000o\000n\000n\000e\000l\000l\000e\000s}{section.12}% 52
\BOOKMARK [2][-]{subsection.12.3}{\376\377\000C\000a\000s\000\040\000D\000i\000s\000c\000r\000e\000t}{section.12}% 53
\BOOKMARK [2][-]{subsection.12.4}{\376\377\000C\000a\000r\000a\000c\000t\000\351\000r\000i\000s\000a\000t\000i\000o\000n\000\040\000d\000e\000\040\000l\000'\000I\000n\000d\000\351\000p\000e\000n\000d\000a\000n\000c\000e\000\040\000v\000i\000a\000\040\000l\000e\000s\000\040\000L\000o\000i\000s\000\040\000G\000a\000u\000s\000s\000i\000e\000n\000n\000e\000s}{section.12}% 54
\BOOKMARK [2][-]{subsection.12.5}{\376\377\000T\000h\000\351\000o\000r\000\350\000m\000e\000\040\000d\000e\000\040\000F\000u\000b\000i\000n\000i\000\040\000G\000\351\000n\000\351\000r\000a\000l\000i\000s\000\351}{section.12}% 55
\BOOKMARK [2][-]{subsection.12.6}{\376\377\000L\000i\000e\000n\000s\000\040\000a\000v\000e\000c\000\040\000l\000'\000E\000s\000p\000\351\000r\000a\000n\000c\000e\000\040\000C\000o\000n\000d\000i\000t\000i\000o\000n\000n\000e\000l\000l\000e}{section.12}% 56
\BOOKMARK [3][-]{subsubsection.12.6.1}{\376\377\000T\000h\000\351\000o\000r\000\350\000m\000e\000\040\000d\000e\000\040\000T\000r\000a\000n\000s\000f\000e\000r\000t\000\040\000C\000o\000n\000d\000i\000t\000i\000o\000n\000n\000e\000l}{subsection.12.6}% 57
\BOOKMARK [3][-]{subsubsection.12.6.2}{\376\377\000O\000u\000t\000i\000l\000s\000\040\000p\000o\000u\000r\000\040\000l\000e\000\040\000C\000a\000l\000c\000u\000l\000\040\000d\000e\000s\000\040\000L\000o\000i\000s\000\040\000C\000o\000n\000d\000i\000t\000i\000o\000n\000n\000e\000l\000l\000e\000s}{subsection.12.6}% 58
\BOOKMARK [1][-]{section.13}{\376\377\000I\000n\000\351\000g\000a\000l\000i\000t\000\351\000s}{}% 59
\BOOKMARK [2][-]{subsection.13.1}{\376\377\000I\000n\000\351\000g\000a\000l\000i\000t\000\351\000s\000\040\000d\000e\000\040\000C\000o\000n\000c\000e\000n\000t\000r\000a\000t\000i\000o\000n}{section.13}% 60
\BOOKMARK [3][-]{subsubsection.13.1.1}{\376\377\000V\000a\000r\000i\000a\000b\000l\000e\000s\000\040\000A\000l\000\351\000a\000t\000o\000i\000r\000e\000s\000\040\000b\000o\000r\000n\000\351\000e\000s}{subsection.13.1}% 61
\BOOKMARK [3][-]{subsubsection.13.1.2}{\376\377\000L\000e\000\040\000C\000a\000s\000\040\000d\000e\000s\000\040\000V\000a\000r\000i\000a\000b\000l\000e\000s\000\040\000A\000l\000\351\000a\000t\000o\000i\000r\000e\000s\000\040\000N\000o\000n\000\040\000B\000o\000r\000n\000\351\000e\000s}{subsection.13.1}% 62
\BOOKMARK [1][-]{section.14}{\376\377\000E\000s\000t\000i\000m\000a\000t\000i\000o\000n\000\040\000S\000t\000a\000t\000i\000s\000t\000i\000q\000u\000e}{}% 63
\BOOKMARK [2][-]{subsection.14.1}{\376\377\000P\000r\000i\000n\000c\000i\000p\000e\000s\000\040\000d\000'\000\311\000c\000h\000a\000n\000t\000i\000l\000l\000o\000n\000a\000g\000e}{section.14}% 64
\BOOKMARK [2][-]{subsection.14.2}{\376\377\000P\000r\000i\000n\000c\000i\000p\000e\000\040\000d\000'\000u\000n\000\040\000E\000s\000t\000i\000m\000a\000t\000e\000u\000r\000\040\000S\000t\000a\000t\000i\000s\000t\000i\000q\000u\000e}{section.14}% 65
\BOOKMARK [2][-]{subsection.14.3}{\376\377\000M\000o\000d\000\350\000l\000e\000\040\000S\000t\000a\000t\000i\000s\000t\000i\000q\000u\000e}{section.14}% 66
\BOOKMARK [3][-]{subsubsection.14.3.1}{\376\377\000D\000\351\000f\000i\000n\000i\000t\000i\000o\000n\000s}{subsection.14.3}% 67
\BOOKMARK [2][-]{subsection.14.4}{\376\377\000E\000s\000t\000i\000m\000a\000t\000e\000u\000r\000s}{section.14}% 68
\BOOKMARK [3][-]{subsubsection.14.4.1}{\376\377\000C\000o\000m\000p\000a\000r\000e\000r\000\040\000l\000e\000s\000\040\000E\000s\000t\000i\000m\000a\000t\000e\000u\000r\000s}{subsection.14.4}% 69
\BOOKMARK [3][-]{subsubsection.14.4.2}{\376\377\000E\000s\000t\000i\000m\000a\000t\000e\000u\000r\000\040\000d\000e\000\040\000l\000a\000\040\000M\000\351\000t\000h\000o\000d\000e\000\040\000d\000e\000s\000\040\000M\000o\000m\000e\000n\000t\000s}{subsection.14.4}% 70
\BOOKMARK [3][-]{subsubsection.14.4.3}{\376\377\000E\000s\000t\000i\000m\000a\000t\000e\000u\000r\000\040\000d\000u\000\040\000M\000a\000x\000i\000m\000u\000m\000\040\000d\000e\000\040\000V\000r\000a\000i\000s\000e\000m\000b\000l\000a\000n\000c\000e}{subsection.14.4}% 71
\BOOKMARK [3][-]{subsubsection.14.4.4}{\376\377\000E\000s\000t\000i\000m\000a\000t\000e\000u\000r\000s\000\040\000d\000e\000\040\000B\000a\000y\000e\000s}{subsection.14.4}% 72
\BOOKMARK [1][-]{section.15}{\376\377\000T\000e\000s\000t\000\040\000S\000t\000a\000t\000i\000s\000t\000i\000q\000u\000e}{}% 73
\BOOKMARK [2][-]{subsection.15.1}{\376\377\000N\000o\000t\000i\000o\000n\000\040\000d\000e\000\040\000T\000e\000s\000t}{section.15}% 74
\BOOKMARK [3][-]{subsubsection.15.1.1}{\376\377\000R\000\351\000g\000i\000o\000n\000s\000\040\000d\000e\000\040\000C\000o\000n\000f\000i\000a\000n\000c\000e}{subsection.15.1}% 75
\BOOKMARK [2][-]{subsection.15.2}{\376\377\000T\000e\000s\000t\000s\000\040\000U\000n\000i\000f\000o\000r\000m\000\351\000m\000e\000n\000t\000s\000\040\000P\000l\000u\000s\000\040\000P\000u\000i\000s\000s\000a\000n\000t\000s}{section.15}% 76
\BOOKMARK [3][-]{subsubsection.15.2.1}{\376\377\000D\000a\000n\000s\000\040\000l\000e\000\040\000C\000a\000s\000\040\000d\000e\000\040\000D\000e\000u\000x\000\040\000H\000y\000p\000o\000t\000h\000\350\000s\000e\000s\000\040\000S\000i\000m\000p\000l\000e\000s}{subsection.15.2}% 77
\BOOKMARK [3][-]{subsubsection.15.2.2}{\376\377\000T\000e\000s\000t\000\040\000U\000P\000P\000\040\000C\000a\000s\000\040\000G\000\351\000n\000\351\000r\000a\000l}{subsection.15.2}% 78
\BOOKMARK [3][-]{subsubsection.15.2.3}{\376\377\000T\000e\000s\000t\000\040\000d\000e\000\040\000R\000a\000p\000p\000o\000r\000t\000\040\000d\000e\000\040\000V\000r\000a\000i\000s\000e\000m\000b\000l\000a\000n\000c\000e}{subsection.15.2}% 79
\BOOKMARK [3][-]{subsubsection.15.2.4}{\376\377\000C\000a\000s\000\040\000d\000e\000s\000\040\000M\000o\000d\000\350\000l\000e\000s\000\040\000\340\000\040\000R\000a\000p\000p\000o\000r\000t\000s\000\040\000d\000e\000\040\000V\000r\000a\000i\000s\000e\000m\000b\000l\000a\000n\000c\000e\000s\000\040\000M\000o\000n\000o\000t\000o\000n\000e\000s}{subsection.15.2}% 80
\BOOKMARK [2][-]{subsection.15.3}{\376\377\000T\000e\000s\000t\000\040\000A\000s\000y\000m\000p\000t\000o\000t\000i\000q\000u\000e\000s}{section.15}% 81
\BOOKMARK [3][-]{subsubsection.15.3.1}{\376\377\000T\000e\000s\000t\000s\000\040\000d\000e\000\040\000W\000a\000l\000d}{subsection.15.3}% 82
\BOOKMARK [3][-]{subsubsection.15.3.2}{\376\377\000L\000o\000i\000s\000\040\000D\000i\000s\000c\000r\000\350\000t\000e\000s\000\040\000:\000\040\000T\000e\000s\000t\000\040\000d\000u\000\040\0002}{subsection.15.3}% 83
\BOOKMARK [2][-]{subsection.15.4}{\376\377\000M\000\351\000t\000h\000o\000d\000e\000s\000\040\000n\000o\000n\000\040\000A\000s\000y\000m\000p\000t\000o\000t\000i\000q\000u\000e\000s\000\040\000e\000t\000\040\000N\000o\000n\000\040\000P\000a\000r\000a\000m\000\351\000t\000r\000i\000q\000u\000e\000s}{section.15}% 84
\BOOKMARK [3][-]{subsubsection.15.4.1}{\376\377\000B\000a\000n\000d\000e\000s\000\040\000d\000e\000\040\000C\000o\000n\000f\000i\000a\000n\000c\000e\000\040\000U\000n\000i\000f\000o\000r\000m\000e\000s\000\040\000s\000u\000r\000\040\000l\000a\000\040\000F\000o\000n\000c\000t\000i\000o\000n\000\040\000d\000e\000\040\000R\000\351\000p\000a\000r\000t\000i\000t\000i\000o\000n}{subsection.15.4}% 85
\BOOKMARK [3][-]{subsubsection.15.4.2}{\376\377\000T\000e\000s\000t\000\040\000d\000e\000\040\000P\000e\000r\000m\000u\000t\000a\000t\000i\000o\000n}{subsection.15.4}% 86
\BOOKMARK [2][-]{subsection.15.5}{\376\377\000T\000e\000s\000t\000\040\000d\000'\000H\000y\000p\000o\000t\000h\000\350\000s\000e\000s\000\040\000M\000u\000l\000t\000i\000p\000l\000e\000s}{section.15}% 87
\BOOKMARK [3][-]{subsubsection.15.5.1}{\376\377\000F\000W\000E\000R\000\040\000e\000t\000\040\000C\000o\000r\000r\000e\000c\000t\000i\000o\000n\000\040\000d\000e\000\040\000B\000o\000n\000f\000e\000r\000r\000o\000n\000i}{subsection.15.5}% 88
\BOOKMARK [3][-]{subsubsection.15.5.2}{\376\377\000L\000a\000\040\000F\000D\000R\000\040\000e\000t\000\040\000l\000a\000\040\000C\000o\000r\000r\000e\000c\000t\000i\000o\000n\000\040\000d\000e\000\040\000B\000e\000n\000j\000a\000m\000i\000n\000i\000-\000H\000o\000c\000h\000b\000e\000r\000g}{subsection.15.5}% 89
